
==============================================
  OpenPricing - Compile-Time Engine
==============================================

Pricing Model Information:
  - JSON parsed at: COMPILE TIME
  - Graph validated at: COMPILE TIME
  - Nodes in model: 6
  - Node storage: STACK (no heap!)
  - Execution: FULLY INLINED

Compile-Time Node Information:
  [constant_input_str] Constant (String)
      Description: Hardcoded string value
  [conditional_value_input] Conditional Value
      Description: Maps input values to outputs
      Inputs: constant_input_str_1
  [multiply] Multiply
      Description: Multiplication (a × b)
      Inputs: conditional_value_input_2, constant_input_num_4
  [constant_input_num] Constant (Number)
      Description: Hardcoded numeric value
      Value: 200
  [multiply] Multiply
      Description: Multiplication (a × b)
      Inputs: multiply_3, constant_input_num_6
  [constant_input_num] Constant (Number)
      Description: Hardcoded numeric value
      Value: 0.8

Running example calculation...
  Constant (Number): $0.80

Performance Characteristics:
  - JSON parsing: ZERO (done at compile time)
  - Graph validation: ZERO (done at compile time)
  - Memory allocation: Minimal (just input hashmap)
  - Execution: Pure computation (fully inlined)
  - Node values: Stack-allocated array

Code Generation:
  The execute() function is completely inlined.
  At runtime, this is just a few arithmetic operations!
  No loops, no conditionals, no overhead.

Workflow:
  1. Design model in frontend (React Flow UI)
  2. Export JSON to models/pricing_model.json
  3. Rebuild - nodes auto-generated at compile time!
  4. New model is baked into the binary
  5. Use from Python with ctypes/cffi
  6. Enjoy ZERO-OVERHEAD pricing calculations!

